<?xml version="1.0" encoding="UTF-8"?>
<!-- Generated by org.testng.reporters.JUnitReportReporter -->
<testsuite hostname="MSI" failures="0" tests="1" name="com.timeTracking.actitime.TestYantra.ModualName.ClassB" time="0.002" errors="0" timestamp="2022-10-20T15:22:47 IST" skipped="0">
  <testcase classname="com.timeTracking.actitime.TestYantra.ModualName.ClassB" name="demo2" time="0.002"/>
  <system-out/>
</testsuite> <!-- com.timeTracking.actitime.TestYantra.ModualName.ClassB -->
