<?xml version="1.0" encoding="UTF-8"?>
<!-- Generated by org.testng.reporters.JUnitReportReporter -->
<testsuite hostname="MSI" failures="0" tests="1" name="com.timeTracking.actitime.TestYantra.ModualName.ClassA" time="0.005" errors="0" timestamp="2022-10-20T15:22:47 IST" skipped="0">
  <testcase classname="com.timeTracking.actitime.TestYantra.ModualName.ClassA" name="demo1" time="0.005"/>
  <system-out/>
</testsuite> <!-- com.timeTracking.actitime.TestYantra.ModualName.ClassA -->
