<?xml version="1.0" encoding="UTF-8"?>
<!-- Generated by org.testng.reporters.JUnitReportReporter -->
<testsuite hostname="MSI" failures="0" tests="2" name="moduleNameTestNg.classA" time="25.736" errors="0" timestamp="2022-11-09T00:17:31 IST" skipped="0">
  <testcase classname="moduleNameTestNg.classA" name="demo" time="19.369"/>
  <system-out/>
  <testcase classname="moduleNameTestNg.classA" name="demo" time="6.367"/>
  <system-out/>
</testsuite> <!-- moduleNameTestNg.classA -->
